<?xml version="1.0" encoding="UTF-8"?>
<!-- Generated by org.testng.reporters.JUnitReportReporter -->
<testsuite hostname="RG" failures="0" tests="1" name="testnglearning8.testcase1" time="0.006" errors="0" timestamp="26 Feb 2024 16:32:45 GMT" skipped="0">
  <testcase classname="testnglearning8.testcase1" name="userRegTest" time="0.006"/>
</testsuite> <!-- testnglearning8.testcase1 -->
