<?xml version="1.0" encoding="UTF-8"?>
<!-- Generated by org.testng.reporters.JUnitReportReporter -->
<testsuite hostname="RG" failures="0" tests="2" name="testnglearning.testcase1" time="0.011" errors="0" timestamp="05 Feb 2024 16:35:50 GMT" skipped="0">
  <testcase classname="testnglearning.testcase1" name="userRegTest" time="0.009"/>
  <testcase classname="testnglearning.testcase1" name="doLogin" time="0.002"/>
</testsuite> <!-- testnglearning.testcase1 -->
